<?xml version="1.0" encoding="UTF-8"?>
<testng-results skipped="0" failed="0" ignored="0" total="2" passed="2">
  <reporter-output>
  </reporter-output>
  <suite name="Default suite" duration-ms="79" started-at="2019-08-19T15:14:46Z" finished-at="2019-08-19T15:14:46Z">
    <groups>
    </groups>
    <test name="Default test" duration-ms="79" started-at="2019-08-19T15:14:46Z" finished-at="2019-08-19T15:14:46Z">
      <class name="LoginTest">
        <test-method status="PASS" signature="f2()[pri:0, instance:LoginTest@58651fd0]" name="f2" duration-ms="47" started-at="2019-08-19T20:44:46Z" finished-at="2019-08-19T20:44:46Z">
          <reporter-output>
          </reporter-output>
        </test-method> <!-- f2 -->
        <test-method status="PASS" signature="f3()[pri:0, instance:LoginTest@58651fd0]" name="f3" duration-ms="0" started-at="2019-08-19T20:44:46Z" finished-at="2019-08-19T20:44:46Z">
          <reporter-output>
          </reporter-output>
        </test-method> <!-- f3 -->
      </class> <!-- LoginTest -->
    </test> <!-- Default test -->
  </suite> <!-- Default suite -->
</testng-results>
